<?xml version="1.0" encoding="UTF-8"?>
<testng-results ignored="0" total="1" passed="1" failed="0" skipped="0">
  <reporter-output>
  </reporter-output>
  <suite started-at="2024-04-19T14:31:27 IST" name="Default suite" finished-at="2024-04-19T14:32:21 IST" duration-ms="53920">
    <groups>
    </groups>
    <test started-at="2024-04-19T14:31:27 IST" name="Default test" finished-at="2024-04-19T14:32:21 IST" duration-ms="53920">
      <class name="Testcase1.TestCase1">
        <test-method is-config="true" signature="SetUp()[pri:0, instance:Testcase1.TestCase1@5e82df6a]" started-at="2024-04-19T14:31:27 IST" name="SetUp" finished-at="2024-04-19T14:31:39 IST" duration-ms="11496" status="PASS">
          <reporter-output>
          </reporter-output>
        </test-method> <!-- SetUp -->
        <test-method signature="Test()[pri:0, instance:Testcase1.TestCase1@5e82df6a]" started-at="2024-04-19T14:31:39 IST" name="Test" finished-at="2024-04-19T14:32:20 IST" duration-ms="41505" status="PASS">
          <reporter-output>
          </reporter-output>
        </test-method> <!-- Test -->
        <test-method is-config="true" signature="TearDown()[pri:0, instance:Testcase1.TestCase1@5e82df6a]" started-at="2024-04-19T14:32:20 IST" name="TearDown" finished-at="2024-04-19T14:32:21 IST" duration-ms="883" status="PASS">
          <reporter-output>
          </reporter-output>
        </test-method> <!-- TearDown -->
      </class> <!-- Testcase1.TestCase1 -->
    </test> <!-- Default test -->
  </suite> <!-- Default suite -->
</testng-results>
